<?xml version="1.0" encoding="UTF-8"?>
<!-- Generated by org.testng.reporters.JUnitReportReporter -->
<testsuite hostname="DESKTOP-8A5NKKO" failures="0" tests="3" name="com.facebook.testcases.FacebookProfileTest" time="1.063" errors="1" timestamp="2022-03-10T11:32:53 EST" skipped="2">
  <testcase classname="com.facebook.testcases.FacebookProfileTest" name="VerifyProTitle" time="0.000">
    <skipped/>
  </testcase> <!-- VerifyProTitle -->
  <system-out/>
  <testcase classname="com.facebook.testcases.FacebookProfileTest" name="setUp" time="1.063">
    <error message="session not created: This version of ChromeDriver only supports Chrome version 96
Current browser version is 99.0.4844.51 with binary path C:\Program Files\Google\Chrome\Application\chrome.exe
Build info: version: &#039;3.141.59&#039;, revision: &#039;e82be7d358&#039;, time: &#039;2018-11-14T08:17:03&#039;
System info: host: &#039;DESKTOP-8A5NKKO&#039;, ip: &#039;10.0.0.158&#039;, os.name: &#039;Windows 10&#039;, os.arch: &#039;amd64&#039;, os.version: &#039;10.0&#039;, java.version: &#039;15.0.1&#039;
Driver info: driver.version: ChromeDriver
remote stacktrace: Backtrace:
	Ordinal0 [0x00F26903+2517251]
	Ordinal0 [0x00EBF8E1+2095329]
	Ordinal0 [0x00DC2848+1058888]
	Ordinal0 [0x00DE0B9D+1182621]
	Ordinal0 [0x00DDCA60+1165920]
	Ordinal0 [0x00DDA2CF+1155791]
	Ordinal0 [0x00E0AAAF+1354415]
	Ordinal0 [0x00E0A71A+1353498]
	Ordinal0 [0x00E0639B+1336219]
	Ordinal0 [0x00DE27A7+1189799]
	Ordinal0 [0x00DE3609+1193481]
	GetHandleVerifier [0x010B5904+1577972]
	GetHandleVerifier [0x01160B97+2279047]
	GetHandleVerifier [0x00FB6D09+534521]
	GetHandleVerifier [0x00FB5DB9+530601]
	Ordinal0 [0x00EC4FF9+2117625]
	Ordinal0 [0x00EC98A8+2136232]
	Ordinal0 [0x00EC99E2+2136546]
	Ordinal0 [0x00ED3541+2176321]
	BaseThreadInitThunk [0x751BFA29+25]
	RtlGetAppContainerNamedObjectPath [0x77147A9E+286]
	RtlGetAppContainerNamedObjectPath [0x77147A6E+238]
" type="org.openqa.selenium.SessionNotCreatedException">
      <![CDATA[org.openqa.selenium.SessionNotCreatedException: session not created: This version of ChromeDriver only supports Chrome version 96
Current browser version is 99.0.4844.51 with binary path C:\Program Files\Google\Chrome\Application\chrome.exe
Build info: version: '3.141.59', revision: 'e82be7d358', time: '2018-11-14T08:17:03'
System info: host: 'DESKTOP-8A5NKKO', ip: '10.0.0.158', os.name: 'Windows 10', os.arch: 'amd64', os.version: '10.0', java.version: '15.0.1'
Driver info: driver.version: ChromeDriver
remote stacktrace: Backtrace:
Ordinal0 [0x00F26903+2517251]
Ordinal0 [0x00EBF8E1+2095329]
Ordinal0 [0x00DC2848+1058888]
Ordinal0 [0x00DE0B9D+1182621]
Ordinal0 [0x00DDCA60+1165920]
Ordinal0 [0x00DDA2CF+1155791]
Ordinal0 [0x00E0AAAF+1354415]
Ordinal0 [0x00E0A71A+1353498]
Ordinal0 [0x00E0639B+1336219]
Ordinal0 [0x00DE27A7+1189799]
Ordinal0 [0x00DE3609+1193481]
GetHandleVerifier [0x010B5904+1577972]
GetHandleVerifier [0x01160B97+2279047]
GetHandleVerifier [0x00FB6D09+534521]
GetHandleVerifier [0x00FB5DB9+530601]
Ordinal0 [0x00EC4FF9+2117625]
Ordinal0 [0x00EC98A8+2136232]
Ordinal0 [0x00EC99E2+2136546]
Ordinal0 [0x00ED3541+2176321]
BaseThreadInitThunk [0x751BFA29+25]
RtlGetAppContainerNamedObjectPath [0x77147A9E+286]
RtlGetAppContainerNamedObjectPath [0x77147A6E+238]

at java.base/jdk.internal.reflect.NativeConstructorAccessorImpl.newInstance0(Native Method)
at java.base/jdk.internal.reflect.NativeConstructorAccessorImpl.newInstance(NativeConstructorAccessorImpl.java:64)
at java.base/jdk.internal.reflect.DelegatingConstructorAccessorImpl.newInstance(DelegatingConstructorAccessorImpl.java:45)
at java.base/java.lang.reflect.Constructor.newInstanceWithCaller(Constructor.java:500)
at java.base/java.lang.reflect.Constructor.newInstance(Constructor.java:481)
at org.openqa.selenium.remote.W3CHandshakeResponse.lambda$errorHandler$0(W3CHandshakeResponse.java:62)
at org.openqa.selenium.remote.HandshakeResponse.lambda$getResponseFunction$0(HandshakeResponse.java:30)
at org.openqa.selenium.remote.ProtocolHandshake.lambda$createSession$0(ProtocolHandshake.java:126)
at java.base/java.util.stream.ReferencePipeline$3$1.accept(ReferencePipeline.java:195)
at java.base/java.util.Spliterators$ArraySpliterator.tryAdvance(Spliterators.java:958)
at java.base/java.util.stream.ReferencePipeline.forEachWithCancel(ReferencePipeline.java:127)
at java.base/java.util.stream.AbstractPipeline.copyIntoWithCancel(AbstractPipeline.java:502)
at java.base/java.util.stream.AbstractPipeline.copyInto(AbstractPipeline.java:488)
at java.base/java.util.stream.AbstractPipeline.wrapAndCopyInto(AbstractPipeline.java:474)
at java.base/java.util.stream.FindOps$FindOp.evaluateSequential(FindOps.java:150)
at java.base/java.util.stream.AbstractPipeline.evaluate(AbstractPipeline.java:234)
at java.base/java.util.stream.ReferencePipeline.findFirst(ReferencePipeline.java:543)
at org.openqa.selenium.remote.ProtocolHandshake.createSession(ProtocolHandshake.java:128)
at org.openqa.selenium.remote.ProtocolHandshake.createSession(ProtocolHandshake.java:74)
at org.openqa.selenium.remote.HttpCommandExecutor.execute(HttpCommandExecutor.java:136)
at org.openqa.selenium.remote.service.DriverCommandExecutor.execute(DriverCommandExecutor.java:83)
at org.openqa.selenium.remote.RemoteWebDriver.execute(RemoteWebDriver.java:552)
at org.openqa.selenium.remote.RemoteWebDriver.startSession(RemoteWebDriver.java:213)
at org.openqa.selenium.remote.RemoteWebDriver.<init>(RemoteWebDriver.java:131)
at org.openqa.selenium.chrome.ChromeDriver.<init>(ChromeDriver.java:181)
at org.openqa.selenium.chrome.ChromeDriver.<init>(ChromeDriver.java:168)
at org.openqa.selenium.chrome.ChromeDriver.<init>(ChromeDriver.java:123)
at com.facebook.base.FacebookBase.initialization(FacebookBase.java:37)
at com.facebook.testcases.FacebookProfileTest.setUp(FacebookProfileTest.java:26)
at java.base/jdk.internal.reflect.NativeMethodAccessorImpl.invoke0(Native Method)
at java.base/jdk.internal.reflect.NativeMethodAccessorImpl.invoke(NativeMethodAccessorImpl.java:64)
at java.base/jdk.internal.reflect.DelegatingMethodAccessorImpl.invoke(DelegatingMethodAccessorImpl.java:43)
at java.base/java.lang.reflect.Method.invoke(Method.java:564)
at org.testng.internal.invokers.MethodInvocationHelper.invokeMethod(MethodInvocationHelper.java:135)
at org.testng.internal.invokers.MethodInvocationHelper.invokeMethodConsideringTimeout(MethodInvocationHelper.java:65)
at org.testng.internal.invokers.ConfigInvoker.invokeConfigurationMethod(ConfigInvoker.java:381)
at org.testng.internal.invokers.ConfigInvoker.invokeConfigurations(ConfigInvoker.java:319)
at org.testng.internal.invokers.TestInvoker.runConfigMethods(TestInvoker.java:803)
at org.testng.internal.invokers.TestInvoker.invokeMethod(TestInvoker.java:589)
at org.testng.internal.invokers.TestInvoker.invokeTestMethod(TestInvoker.java:220)
at org.testng.internal.invokers.MethodRunner.runInSequence(MethodRunner.java:50)
at org.testng.internal.invokers.TestInvoker$MethodInvocationAgent.invoke(TestInvoker.java:945)
at org.testng.internal.invokers.TestInvoker.invokeTestMethods(TestInvoker.java:193)
at org.testng.internal.invokers.TestMethodWorker.invokeTestMethods(TestMethodWorker.java:146)
at org.testng.internal.invokers.TestMethodWorker.run(TestMethodWorker.java:128)
at java.base/java.util.ArrayList.forEach(ArrayList.java:1511)
at org.testng.TestRunner.privateRun(TestRunner.java:808)
at org.testng.TestRunner.run(TestRunner.java:603)
at org.testng.SuiteRunner.runTest(SuiteRunner.java:429)
at org.testng.SuiteRunner.runSequentially(SuiteRunner.java:423)
at org.testng.SuiteRunner.privateRun(SuiteRunner.java:383)
at org.testng.SuiteRunner.run(SuiteRunner.java:326)
at org.testng.SuiteRunnerWorker.runSuite(SuiteRunnerWorker.java:52)
at org.testng.SuiteRunnerWorker.run(SuiteRunnerWorker.java:95)
at org.testng.TestNG.runSuitesSequentially(TestNG.java:1249)
at org.testng.TestNG.runSuitesLocally(TestNG.java:1169)
at org.testng.TestNG.runSuites(TestNG.java:1092)
at org.testng.TestNG.run(TestNG.java:1060)
at org.testng.remote.AbstractRemoteTestNG.run(AbstractRemoteTestNG.java:115)
at org.testng.remote.RemoteTestNG.initAndRun(RemoteTestNG.java:251)
at org.testng.remote.RemoteTestNG.main(RemoteTestNG.java:77)
]]>
    </error>
  </testcase> <!-- setUp -->
  <system-out/>
  <testcase classname="com.facebook.testcases.FacebookProfileTest" name="VerifySearchTest" time="0.000">
    <skipped/>
  </testcase> <!-- VerifySearchTest -->
  <system-out/>
</testsuite> <!-- com.facebook.testcases.FacebookProfileTest -->
